<?xml version="1.0" encoding="UTF-8"?>
<!-- Generated by org.testng.reporters.JUnitXMLReporter -->
<testsuite ignored="0" hostname="INBASDLP14497" failures="1" tests="1" name="ADA" time="293.031" errors="0" timestamp="2024-03-13T15:03:54 IST">
  <testcase classname="globeOnline_HPW.TestGHPW_Mac" name="testMultipleCartWithPromo" time="212.493">
    <failure type="java.lang.AssertionError" message="expected [true] but found [false]">
      <![CDATA[java.lang.AssertionError: expected [true] but found [false]
at com.pagesHPW.LandingPage.jsClick(LandingPage.java:279)
at globeOnline_HPW.CommonMethods.menuBar(CommonMethods.java:3237)
at globeOnline_HPW.TestGHPW_Mac.testMultipleCartWithPromo(TestGHPW_Mac.java:84)
at java.base/java.util.ArrayList.forEach(ArrayList.java:1511)
at java.base/java.util.concurrent.FutureTask.run(FutureTask.java:264)
at java.base/java.util.concurrent.ThreadPoolExecutor.runWorker(ThreadPoolExecutor.java:1136)
at java.base/java.util.concurrent.ThreadPoolExecutor$Worker.run(ThreadPoolExecutor.java:635)
at java.base/java.lang.Thread.run(Thread.java:833)
... Removed 20 stack frames]]>
    </failure>
  </testcase> <!-- testMultipleCartWithPromo -->
</testsuite> <!-- ADA -->
