<?xml version="1.0" encoding="UTF-8"?>
<!-- Generated by org.testng.reporters.JUnitXMLReporter -->
<testsuite ignored="0" hostname="INBASDLP14497" failures="1" tests="1" name="HPWIOS" time="598.872" errors="0" timestamp="2024-03-14T10:54:30 IST">
  <testcase classname="globeOnline_HPW.TestGHPW_Mac" name="testMultipleCartWithPromo" time="304.482">
    <failure type="java.lang.AssertionError">
      <![CDATA[java.lang.AssertionError
at org.junit.Assert.fail(Assert.java:92)
at org.junit.Assert.assertTrue(Assert.java:43)
at org.junit.Assert.assertTrue(Assert.java:54)
at globeOnline_HPW.CommonMethods.verify_handle_survey_popup_withInput(CommonMethods.java:1338)
at globeOnline_HPW.TestGHPW_Mac.testMultipleCartWithPromo(TestGHPW_Mac.java:338)
at java.base/java.util.ArrayList.forEach(ArrayList.java:1511)
at java.base/java.util.concurrent.FutureTask.run(FutureTask.java:264)
at java.base/java.util.concurrent.ThreadPoolExecutor.runWorker(ThreadPoolExecutor.java:1136)
at java.base/java.util.concurrent.ThreadPoolExecutor$Worker.run(ThreadPoolExecutor.java:635)
at java.base/java.lang.Thread.run(Thread.java:833)
... Removed 16 stack frames]]>
    </failure>
  </testcase> <!-- testMultipleCartWithPromo -->
</testsuite> <!-- HPWIOS -->
